  step @ 2: op0=0x48 r=1 ilen=8 bitcount=0
  step @ 10: op0=0x48 r=1 ilen=8 bitcount=1
  step @ 18: op0=0x48 r=1 ilen=3 bitcount=2
  step @ 21: op0=0x48 r=2 ilen=10 bitcount=3
  step @ 31: op0=0x4d r=1 ilen=3 bitcount=4
  fallback @ 34 (op0=0x0f rex_len=0)
  fallback @ 35 (op0=0x05 rex_len=0)
  (resync apres 2 fallback(s) @ 36)
  step @ 36: op0=0x83 r=0 ilen=3 bitcount=5
  fallback @ 39 (op0=0x75 rex_len=0)
  fallback @ 40 (op0=0x05 rex_len=0)
  fallback @ 41 (op0=0xe9 rex_len=0)
  fallback @ 42 (op0=0x05 rex_len=0)
  fallback @ 43 (op0=0x00 rex_len=0)
  fallback @ 44 (op0=0x00 rex_len=0)
  fallback @ 45 (op0=0x00 rex_len=0)
  fallback @ 46 (op0=0xe9 rex_len=0)
  fallback @ 47 (op0=0x30 rex_len=0)
  fallback @ 48 (op0=0x00 rex_len=0)
  fallback @ 49 (op0=0x00 rex_len=0)
  fallback @ 50 (op0=0x00 rex_len=0)
  (resync apres 12 fallback(s) @ 51)
  step @ 51: op0=0x48 r=1 ilen=8 bitcount=5
  step @ 59: op0=0xbf r=2 ilen=5 bitcount=6
  step @ 64: op0=0x48 r=0 ilen=7 bitcount=7
  fallback @ 71 (op0=0xc7 rex_len=0)
  fallback @ 72 (op0=0xc2 rex_len=0)
  fallback @ 73 (op0=0x09 rex_len=0)
  fallback @ 74 (op0=0x00 rex_len=0)
  fallback @ 75 (op0=0x00 rex_len=0)
  fallback @ 76 (op0=0x00 rex_len=0)
  fallback @ 77 (op0=0x0f rex_len=0)
  fallback @ 78 (op0=0x05 rex_len=0)
  (resync apres 8 fallback(s) @ 79)
  step @ 79: op0=0x48 r=1 ilen=8 bitcount=7
  step @ 87: op0=0x48 r=2 ilen=10 bitcount=8
  fallback @ 97 (op0=0x0f rex_len=0)
  fallback @ 98 (op0=0x05 rex_len=0)
  fallback @ 99 (op0=0x48 rex_len=1)
  fallback @ 100 (op0=0x81 rex_len=0)
  fallback @ 101 (op0=0xec rex_len=0)
  fallback @ 102 (op0=0x10 rex_len=0)
  fallback @ 103 (op0=0x00 rex_len=0)
  fallback @ 104 (op0=0x00 rex_len=0)
  fallback @ 105 (op0=0x00 rex_len=0)
  (resync apres 9 fallback(s) @ 106)
  step @ 106: op0=0x83 r=2 ilen=3 bitcount=9
  step @ 109: op0=0x83 r=2 ilen=3 bitcount=10
  fallback @ 112 (op0=0x88 rex_len=0)
  fallback @ 113 (op0=0x04 rex_len=0)
  fallback @ 114 (op0=0x0c rex_len=0)
  (resync apres 3 fallback(s) @ 115)
  step @ 115: op0=0x81 r=1 ilen=6 bitcount=11
  step @ 121: op0=0x83 r=0 ilen=3 bitcount=12
  fallback @ 124 (op0=0x7c rex_len=0)
  fallback @ 125 (op0=0xf2 rex_len=0)
  (resync apres 2 fallback(s) @ 126)
  step @ 126: op0=0x48 r=1 ilen=5 bitcount=12
  fallback @ 131 (op0=0xe9 rex_len=0)
  fallback @ 132 (op0=0x03 rex_len=0)
  fallback @ 133 (op0=0x0c rex_len=0)
  fallback @ 134 (op0=0x00 rex_len=0)
  fallback @ 135 (op0=0x00 rex_len=0)
  (resync apres 5 fallback(s) @ 136)
  step @ 136: op0=0x83 r=2 ilen=3 bitcount=13
  step @ 139: op0=0x48 r=0 ilen=7 bitcount=14
  step @ 146: op0=0x48 r=0 ilen=7 bitcount=14
  fallback @ 153 (op0=0x48 rex_len=1)
  fallback @ 154 (op0=0x39 rex_len=0)
  fallback @ 155 (op0=0xde rex_len=0)
  fallback @ 156 (op0=0x73 rex_len=0)
  fallback @ 157 (op0=0x05 rex_len=0)
  fallback @ 158 (op0=0xe9 rex_len=0)
  fallback @ 159 (op0=0x05 rex_len=0)
  fallback @ 160 (op0=0x00 rex_len=0)
  fallback @ 161 (op0=0x00 rex_len=0)
  fallback @ 162 (op0=0x00 rex_len=0)
  fallback @ 163 (op0=0xe9 rex_len=0)
  fallback @ 164 (op0=0xde rex_len=0)
  fallback @ 165 (op0=0x0b rex_len=0)
  fallback @ 166 (op0=0x00 rex_len=0)
  fallback @ 167 (op0=0x00 rex_len=0)
  (resync apres 15 fallback(s) @ 168)
  step @ 168: op0=0x0f r=1 ilen=3 bitcount=14
  step @ 171: op0=0x83 r=0 ilen=3 bitcount=15
  fallback @ 174 (op0=0x7d rex_len=0)
  fallback @ 175 (op0=0x05 rex_len=0)
  fallback @ 176 (op0=0xe9 rex_len=0)
  fallback @ 177 (op0=0x0e rex_len=0)
  fallback @ 178 (op0=0x00 rex_len=0)
  fallback @ 179 (op0=0x00 rex_len=0)
  fallback @ 180 (op0=0x00 rex_len=0)
  (resync apres 7 fallback(s) @ 181)
  step @ 181: op0=0x83 r=0 ilen=3 bitcount=15
  fallback @ 184 (op0=0x7e rex_len=0)
  fallback @ 185 (op0=0x05 rex_len=0)
  fallback @ 186 (op0=0xe9 rex_len=0)
  fallback @ 187 (op0=0x04 rex_len=0)
  fallback @ 188 (op0=0x00 rex_len=0)
  fallback @ 189 (op0=0x00 rex_len=0)
  fallback @ 190 (op0=0x00 rex_len=0)
  fallback @ 191 (op0=0x48 rex_len=1)
  fallback @ 192 (op0=0x83 rex_len=0)
  fallback @ 193 (op0=0xc6 rex_len=0)
  fallback @ 194 (op0=0x01 rex_len=0)
  (resync apres 11 fallback(s) @ 195)
  step @ 195: op0=0x8b r=2 ilen=2 bitcount=15
  step @ 197: op0=0x83 r=0 ilen=3 bitcount=16
  fallback @ 200 (op0=0x74 rex_len=0)
  fallback @ 201 (op0=0x05 rex_len=0)
  fallback @ 202 (op0=0xe9 rex_len=0)
  fallback @ 203 (op0=0x3c rex_len=0)
  fallback @ 204 (op0=0x00 rex_len=0)
  fallback @ 205 (op0=0x00 rex_len=0)
  fallback @ 206 (op0=0x00 rex_len=0)
  (resync apres 7 fallback(s) @ 207)
  step @ 207: op0=0x0f r=1 ilen=4 bitcount=16
  step @ 211: op0=0x83 r=0 ilen=3 bitcount=17
  fallback @ 214 (op0=0x74 rex_len=0)
  fallback @ 215 (op0=0x05 rex_len=0)
  fallback @ 216 (op0=0xe9 rex_len=0)
  fallback @ 217 (op0=0x28 rex_len=0)
  fallback @ 218 (op0=0x00 rex_len=0)
  fallback @ 219 (op0=0x00 rex_len=0)
  fallback @ 220 (op0=0x00 rex_len=0)
  (resync apres 7 fallback(s) @ 221)
  step @ 221: op0=0x81 r=0 ilen=6 bitcount=17
  fallback @ 227 (op0=0x7c rex_len=0)
  fallback @ 228 (op0=0x05 rex_len=0)
  fallback @ 229 (op0=0xe9 rex_len=0)
  fallback @ 230 (op0=0x1b rex_len=0)
  fallback @ 231 (op0=0x00 rex_len=0)
  fallback @ 232 (op0=0x00 rex_len=0)
  fallback @ 233 (op0=0x00 rex_len=0)
  fallback @ 234 (op0=0x51 rex_len=0)
  (resync apres 8 fallback(s) @ 235)
  step @ 235: op0=0x89 r=2 ilen=2 bitcount=17
  fallback @ 237 (op0=0xc1 rex_len=0)
  fallback @ 238 (op0=0xfa rex_len=0)
  fallback @ 239 (op0=0x03 rex_len=0)
  fallback @ 240 (op0=0x81 rex_len=0)
  fallback @ 241 (op0=0xe1 rex_len=0)
  fallback @ 242 (op0=0x07 rex_len=0)
  fallback @ 243 (op0=0x00 rex_len=0)
  fallback @ 244 (op0=0x00 rex_len=0)
  fallback @ 245 (op0=0x00 rex_len=0)
  fallback @ 246 (op0=0xb0 rex_len=0)
  fallback @ 247 (op0=0x01 rex_len=0)
  fallback @ 248 (op0=0xd2 rex_len=0)
  fallback @ 249 (op0=0xe0 rex_len=0)
  fallback @ 250 (op0=0x59 rex_len=0)
